2022-04-04T20:34:39.716+0300	INFO	calendar HTTP server is running...
2022-04-04T20:34:39.717+0300	INFO	calendar gRPC server is running...
2022-04-04T19:48:39.351+0300	INFO	http request has been made...
ClientIP:127.0.0.1:57403;
Method:POST;
URL://v1/EventService/Day/day="1649060508";
HttpProtocol:HTTP/1.1;
StatusCode:404;
ContentLength:47;
Latency:925792;
User_agent:PostmanRuntime/7.29.0
2022-04-04T19:48:59.969+0300	INFO	http request has been made...
ClientIP:127.0.0.1:57403;
Method:GET;
URL://v1/EventService/Day/day="1649060508";
HttpProtocol:HTTP/1.1;
StatusCode:404;
ContentLength:47;
Latency:92917;
User_agent:PostmanRuntime/7.29.0
2022-04-04T19:49:09.106+0300	INFO	http request has been made...
ClientIP:127.0.0.1:57403;
Method:GET;
URL:/v1/EventService/Day/day="1649060508";
HttpProtocol:HTTP/1.1;
StatusCode:400;
ContentLength:158;
Latency:153458;
User_agent:PostmanRuntime/7.29.0
2022-04-04T19:49:16.552+0300	INFO	http request has been made...
ClientIP:127.0.0.1:57403;
Method:GET;
URL:/v1/EventService/729;
HttpProtocol:HTTP/1.1;
StatusCode:200;
ContentLength:176;
Latency:6703542;
User_agent:PostmanRuntime/7.29.0
2022-04-04T19:49:56.211+0300	INFO	http request has been made...
ClientIP:127.0.0.1:57403;
Method:GET;
URL://v1/EventService/Day/1649060508;
HttpProtocol:HTTP/1.1;
StatusCode:404;
ContentLength:47;
Latency:65625;
User_agent:PostmanRuntime/7.29.0
